{"C:\\Users\\Admin\\IdeaProjects\\fitbody\\src\\app\\_layout.tsx": {"path":"C:\\Users\\Admin\\IdeaProjects\\fitbody\\src\\app\\_layout.tsx","statementMap":{"0":{"start":{"line":24,"column":38},"end":{"line":24,"column":53}},"1":{"start":{"line":25,"column":26},"end":{"line":30,"column":4}},"2":{"start":{"line":31,"column":26},"end":{"line":36,"column":4}},"3":{"start":{"line":38,"column":2},"end":{"line":41,"column":8}},"4":{"start":{"line":39,"column":18},"end":{"line":39,"column":61}},"5":{"start":{"line":39,"column":35},"end":{"line":39,"column":54}},"6":{"start":{"line":40,"column":4},"end":{"line":40,"column":36}},"7":{"start":{"line":40,"column":17},"end":{"line":40,"column":36}},"8":{"start":{"line":43,"column":2},"end":{"line":43,"column":78}},"9":{"start":{"line":43,"column":55},"end":{"line":43,"column":78}},"10":{"start":{"line":45,"column":2},"end":{"line":52,"column":3}}},"fnMap":{"0":{"name":"Layout","decl":{"start":{"line":23,"column":24},"end":{"line":23,"column":30}},"loc":{"start":{"line":23,"column":33},"end":{"line":53,"column":1}},"line":23},"1":{"name":"(anonymous_1)","decl":{"start":{"line":38,"column":12},"end":{"line":38,"column":13}},"loc":{"start":{"line":38,"column":18},"end":{"line":41,"column":3}},"line":38},"2":{"name":"(anonymous_2)","decl":{"start":{"line":39,"column":29},"end":{"line":39,"column":30}},"loc":{"start":{"line":39,"column":35},"end":{"line":39,"column":54}},"line":39},"3":{"name":"(anonymous_3)","decl":{"start":{"line":40,"column":11},"end":{"line":40,"column":12}},"loc":{"start":{"line":40,"column":17},"end":{"line":40,"column":36}},"line":40}},"branchMap":{"0":{"loc":{"start":{"line":43,"column":2},"end":{"line":43,"column":78}},"type":"if","locations":[{"start":{"line":43,"column":2},"end":{"line":43,"column":78}},{"start":{},"end":{}}],"line":43},"1":{"loc":{"start":{"line":43,"column":6},"end":{"line":43,"column":53}},"type":"binary-expr","locations":[{"start":{"line":43,"column":6},"end":{"line":43,"column":20}},{"start":{"line":43,"column":24},"end":{"line":43,"column":38}},{"start":{"line":43,"column":42},"end":{"line":43,"column":53}}],"line":43}},"s":{"0":0,"1":0,"2":0,"3":0,"4":0,"5":0,"6":0,"7":0,"8":0,"9":0,"10":0},"f":{"0":0,"1":0,"2":0,"3":0},"b":{"0":[0,0],"1":[0,0,0]}}
,"C:\\Users\\Admin\\IdeaProjects\\fitbody\\src\\app\\index.tsx": {"path":"C:\\Users\\Admin\\IdeaProjects\\fitbody\\src\\app\\index.tsx","statementMap":{"0":{"start":{"line":6,"column":2},"end":{"line":14,"column":3}},"1":{"start":{"line":10,"column":39},"end":{"line":10,"column":60}}},"fnMap":{"0":{"name":"Home","decl":{"start":{"line":5,"column":9},"end":{"line":5,"column":13}},"loc":{"start":{"line":5,"column":16},"end":{"line":15,"column":1}},"line":5},"1":{"name":"(anonymous_1)","decl":{"start":{"line":10,"column":33},"end":{"line":10,"column":34}},"loc":{"start":{"line":10,"column":39},"end":{"line":10,"column":60}},"line":10}},"branchMap":{},"s":{"0":5,"1":4},"f":{"0":5,"1":4},"b":{},"_coverageSchema":"1a1c01bbd47fc00a2c39e90264f33305004495a9","hash":"2e345d584346d3c24d69ed83ba7b2c72ad7f9b9d"}
,"C:\\Users\\Admin\\IdeaProjects\\fitbody\\src\\app\\login\\form-login.tsx": {"path":"C:\\Users\\Admin\\IdeaProjects\\fitbody\\src\\app\\login\\form-login.tsx","statementMap":{"0":{"start":{"line":16,"column":25},"end":{"line":85,"column":1}},"1":{"start":{"line":21,"column":6},"end":{"line":23,"column":4}},"2":{"start":{"line":25,"column":2},"end":{"line":84,"column":3}},"3":{"start":{"line":34,"column":14},"end":{"line":39,"column":16}},"4":{"start":{"line":52,"column":14},"end":{"line":57,"column":16}},"5":{"start":{"line":64,"column":27},"end":{"line":64,"column":55}}},"fnMap":{"0":{"name":"(anonymous_0)","decl":{"start":{"line":16,"column":25},"end":{"line":16,"column":26}},"loc":{"start":{"line":16,"column":76},"end":{"line":85,"column":1}},"line":16},"1":{"name":"(anonymous_1)","decl":{"start":{"line":33,"column":20},"end":{"line":33,"column":21}},"loc":{"start":{"line":34,"column":14},"end":{"line":39,"column":16}},"line":34},"2":{"name":"(anonymous_2)","decl":{"start":{"line":51,"column":20},"end":{"line":51,"column":21}},"loc":{"start":{"line":52,"column":14},"end":{"line":57,"column":16}},"line":52},"3":{"name":"(anonymous_3)","decl":{"start":{"line":64,"column":21},"end":{"line":64,"column":22}},"loc":{"start":{"line":64,"column":27},"end":{"line":64,"column":55}},"line":64}},"branchMap":{"0":{"loc":{"start":{"line":42,"column":11},"end":{"line":44,"column":11}},"type":"binary-expr","locations":[{"start":{"line":42,"column":11},"end":{"line":42,"column":23}},{"start":{"line":43,"column":12},"end":{"line":43,"column":77}}],"line":42},"1":{"loc":{"start":{"line":60,"column":11},"end":{"line":62,"column":11}},"type":"binary-expr","locations":[{"start":{"line":60,"column":11},"end":{"line":60,"column":26}},{"start":{"line":61,"column":12},"end":{"line":61,"column":80}}],"line":60},"2":{"loc":{"start":{"line":76,"column":11},"end":{"line":80,"column":11}},"type":"cond-expr","locations":[{"start":{"line":77,"column":12},"end":{"line":77,"column":46}},{"start":{"line":79,"column":12},"end":{"line":79,"column":31}}],"line":76}},"s":{"0":0,"1":0,"2":0,"3":0,"4":0,"5":0},"f":{"0":0,"1":0,"2":0,"3":0},"b":{"0":[0,0],"1":[0,0],"2":[0,0]}}
,"C:\\Users\\Admin\\IdeaProjects\\fitbody\\src\\app\\login\\index.tsx": {"path":"C:\\Users\\Admin\\IdeaProjects\\fitbody\\src\\app\\login\\index.tsx","statementMap":{"0":{"start":{"line":11,"column":42},"end":{"line":11,"column":66}},"1":{"start":{"line":12,"column":19},"end":{"line":12,"column":32}},"2":{"start":{"line":14,"column":22},"end":{"line":22,"column":3}},"3":{"start":{"line":15,"column":4},"end":{"line":15,"column":25}},"4":{"start":{"line":17,"column":4},"end":{"line":17,"column":21}},"5":{"start":{"line":19,"column":4},"end":{"line":19,"column":21}},"6":{"start":{"line":21,"column":4},"end":{"line":21,"column":26}},"7":{"start":{"line":24,"column":2},"end":{"line":72,"column":3}},"8":{"start":{"line":64,"column":27},"end":{"line":64,"column":51}}},"fnMap":{"0":{"name":"Login","decl":{"start":{"line":10,"column":24},"end":{"line":10,"column":29}},"loc":{"start":{"line":10,"column":32},"end":{"line":73,"column":1}},"line":10},"1":{"name":"(anonymous_1)","decl":{"start":{"line":14,"column":22},"end":{"line":14,"column":23}},"loc":{"start":{"line":14,"column":53},"end":{"line":22,"column":3}},"line":14},"2":{"name":"(anonymous_2)","decl":{"start":{"line":64,"column":21},"end":{"line":64,"column":22}},"loc":{"start":{"line":64,"column":27},"end":{"line":64,"column":51}},"line":64}},"branchMap":{},"s":{"0":0,"1":0,"2":0,"3":0,"4":0,"5":0,"6":0,"7":0,"8":0},"f":{"0":0,"1":0,"2":0},"b":{}}
,"C:\\Users\\Admin\\IdeaProjects\\fitbody\\src\\app\\login\\login-schema.ts": {"path":"C:\\Users\\Admin\\IdeaProjects\\fitbody\\src\\app\\login\\login-schema.ts","statementMap":{"0":{"start":{"line":5,"column":27},"end":{"line":8,"column":2}}},"fnMap":{},"branchMap":{},"s":{"0":2},"f":{},"b":{},"_coverageSchema":"1a1c01bbd47fc00a2c39e90264f33305004495a9","hash":"839fcfd416c41fbd56164fdc50796083d440d476"}
,"C:\\Users\\Admin\\IdeaProjects\\fitbody\\src\\app\\login\\fingerprint\\index.tsx": {"path":"C:\\Users\\Admin\\IdeaProjects\\fitbody\\src\\app\\login\\fingerprint\\index.tsx","statementMap":{"0":{"start":{"line":11,"column":48},"end":{"line":11,"column":63}},"1":{"start":{"line":13,"column":40},"end":{"line":22,"column":3}},"2":{"start":{"line":14,"column":23},"end":{"line":14,"column":67}},"3":{"start":{"line":16,"column":4},"end":{"line":18,"column":5}},"4":{"start":{"line":17,"column":6},"end":{"line":17,"column":24}},"5":{"start":{"line":24,"column":31},"end":{"line":38,"column":3}},"6":{"start":{"line":25,"column":32},"end":{"line":25,"column":75}},"7":{"start":{"line":27,"column":4},"end":{"line":29,"column":5}},"8":{"start":{"line":28,"column":6},"end":{"line":28,"column":64}},"9":{"start":{"line":31,"column":17},"end":{"line":34,"column":6}},"10":{"start":{"line":36,"column":4},"end":{"line":36,"column":36}},"11":{"start":{"line":37,"column":4},"end":{"line":37,"column":15}},"12":{"start":{"line":40,"column":20},"end":{"line":42,"column":3}},"13":{"start":{"line":41,"column":4},"end":{"line":41,"column":29}},"14":{"start":{"line":45,"column":2},"end":{"line":47,"column":8}},"15":{"start":{"line":46,"column":4},"end":{"line":46,"column":35}},"16":{"start":{"line":49,"column":2},"end":{"line":85,"column":3}},"17":{"start":{"line":53,"column":25},"end":{"line":53,"column":38}},"18":{"start":{"line":77,"column":61},"end":{"line":77,"column":72}}},"fnMap":{"0":{"name":"FingerprintScreen","decl":{"start":{"line":10,"column":24},"end":{"line":10,"column":41}},"loc":{"start":{"line":10,"column":44},"end":{"line":86,"column":1}},"line":10},"1":{"name":"(anonymous_1)","decl":{"start":{"line":13,"column":40},"end":{"line":13,"column":41}},"loc":{"start":{"line":13,"column":52},"end":{"line":22,"column":3}},"line":13},"2":{"name":"(anonymous_2)","decl":{"start":{"line":24,"column":31},"end":{"line":24,"column":32}},"loc":{"start":{"line":24,"column":43},"end":{"line":38,"column":3}},"line":24},"3":{"name":"(anonymous_3)","decl":{"start":{"line":40,"column":20},"end":{"line":40,"column":21}},"loc":{"start":{"line":40,"column":26},"end":{"line":42,"column":3}},"line":40},"4":{"name":"(anonymous_4)","decl":{"start":{"line":45,"column":12},"end":{"line":45,"column":13}},"loc":{"start":{"line":45,"column":18},"end":{"line":47,"column":3}},"line":45},"5":{"name":"(anonymous_5)","decl":{"start":{"line":53,"column":19},"end":{"line":53,"column":20}},"loc":{"start":{"line":53,"column":25},"end":{"line":53,"column":38}},"line":53},"6":{"name":"(anonymous_6)","decl":{"start":{"line":77,"column":55},"end":{"line":77,"column":56}},"loc":{"start":{"line":77,"column":61},"end":{"line":77,"column":72}},"line":77}},"branchMap":{"0":{"loc":{"start":{"line":16,"column":4},"end":{"line":18,"column":5}},"type":"if","locations":[{"start":{"line":16,"column":4},"end":{"line":18,"column":5}},{"start":{},"end":{}}],"line":16},"1":{"loc":{"start":{"line":27,"column":4},"end":{"line":29,"column":5}},"type":"if","locations":[{"start":{"line":27,"column":4},"end":{"line":29,"column":5}},{"start":{},"end":{}}],"line":27}},"s":{"0":0,"1":0,"2":0,"3":0,"4":0,"5":0,"6":0,"7":0,"8":0,"9":0,"10":0,"11":0,"12":0,"13":0,"14":0,"15":0,"16":0,"17":0,"18":0},"f":{"0":0,"1":0,"2":0,"3":0,"4":0,"5":0,"6":0},"b":{"0":[0,0],"1":[0,0]}}
,"C:\\Users\\Admin\\IdeaProjects\\fitbody\\src\\app\\login\\forgot\\index.tsx": {"path":"C:\\Users\\Admin\\IdeaProjects\\fitbody\\src\\app\\login\\forgot\\index.tsx","statementMap":{"0":{"start":{"line":16,"column":21},"end":{"line":18,"column":2}},"1":{"start":{"line":21,"column":19},"end":{"line":21,"column":32}},"2":{"start":{"line":22,"column":44},"end":{"line":22,"column":68}},"3":{"start":{"line":27,"column":6},"end":{"line":29,"column":4}},"4":{"start":{"line":31,"column":23},"end":{"line":38,"column":3}},"5":{"start":{"line":32,"column":4},"end":{"line":32,"column":26}},"6":{"start":{"line":34,"column":4},"end":{"line":34,"column":21}},"7":{"start":{"line":36,"column":4},"end":{"line":36,"column":27}},"8":{"start":{"line":37,"column":4},"end":{"line":37,"column":39}},"9":{"start":{"line":39,"column":2},"end":{"line":100,"column":3}},"10":{"start":{"line":43,"column":25},"end":{"line":43,"column":38}},"11":{"start":{"line":73,"column":16},"end":{"line":78,"column":18}}},"fnMap":{"0":{"name":"ForgotPass","decl":{"start":{"line":20,"column":24},"end":{"line":20,"column":34}},"loc":{"start":{"line":20,"column":37},"end":{"line":101,"column":1}},"line":20},"1":{"name":"(anonymous_1)","decl":{"start":{"line":31,"column":23},"end":{"line":31,"column":24}},"loc":{"start":{"line":31,"column":51},"end":{"line":38,"column":3}},"line":31},"2":{"name":"(anonymous_2)","decl":{"start":{"line":43,"column":19},"end":{"line":43,"column":20}},"loc":{"start":{"line":43,"column":25},"end":{"line":43,"column":38}},"line":43},"3":{"name":"(anonymous_3)","decl":{"start":{"line":72,"column":22},"end":{"line":72,"column":23}},"loc":{"start":{"line":73,"column":16},"end":{"line":78,"column":18}},"line":73}},"branchMap":{"0":{"loc":{"start":{"line":81,"column":13},"end":{"line":83,"column":13}},"type":"binary-expr","locations":[{"start":{"line":81,"column":13},"end":{"line":81,"column":25}},{"start":{"line":82,"column":14},"end":{"line":82,"column":79}}],"line":81},"1":{"loc":{"start":{"line":91,"column":13},"end":{"line":95,"column":13}},"type":"cond-expr","locations":[{"start":{"line":92,"column":14},"end":{"line":92,"column":48}},{"start":{"line":94,"column":14},"end":{"line":94,"column":35}}],"line":91}},"s":{"0":0,"1":0,"2":0,"3":0,"4":0,"5":0,"6":0,"7":0,"8":0,"9":0,"10":0,"11":0},"f":{"0":0,"1":0,"2":0,"3":0},"b":{"0":[0,0],"1":[0,0]}}
,"C:\\Users\\Admin\\IdeaProjects\\fitbody\\src\\app\\login\\forgot\\new-pass.tsx": {"path":"C:\\Users\\Admin\\IdeaProjects\\fitbody\\src\\app\\login\\forgot\\new-pass.tsx","statementMap":{"0":{"start":{"line":16,"column":22},"end":{"line":24,"column":4}},"1":{"start":{"line":21,"column":18},"end":{"line":21,"column":56}},"2":{"start":{"line":27,"column":46},"end":{"line":27,"column":61}},"3":{"start":{"line":32,"column":6},"end":{"line":34,"column":4}},"4":{"start":{"line":36,"column":24},"end":{"line":43,"column":3}},"5":{"start":{"line":37,"column":4},"end":{"line":37,"column":27}},"6":{"start":{"line":39,"column":4},"end":{"line":39,"column":21}},"7":{"start":{"line":41,"column":4},"end":{"line":41,"column":28}},"8":{"start":{"line":42,"column":4},"end":{"line":42,"column":37}},"9":{"start":{"line":45,"column":2},"end":{"line":124,"column":3}},"10":{"start":{"line":49,"column":25},"end":{"line":49,"column":38}},"11":{"start":{"line":75,"column":16},"end":{"line":80,"column":18}},"12":{"start":{"line":95,"column":16},"end":{"line":100,"column":18}}},"fnMap":{"0":{"name":"(anonymous_0)","decl":{"start":{"line":21,"column":10},"end":{"line":21,"column":11}},"loc":{"start":{"line":21,"column":18},"end":{"line":21,"column":56}},"line":21},"1":{"name":"NewPass","decl":{"start":{"line":26,"column":24},"end":{"line":26,"column":31}},"loc":{"start":{"line":26,"column":34},"end":{"line":125,"column":1}},"line":26},"2":{"name":"(anonymous_2)","decl":{"start":{"line":36,"column":24},"end":{"line":36,"column":25}},"loc":{"start":{"line":36,"column":53},"end":{"line":43,"column":3}},"line":36},"3":{"name":"(anonymous_3)","decl":{"start":{"line":49,"column":19},"end":{"line":49,"column":20}},"loc":{"start":{"line":49,"column":25},"end":{"line":49,"column":38}},"line":49},"4":{"name":"(anonymous_4)","decl":{"start":{"line":74,"column":22},"end":{"line":74,"column":23}},"loc":{"start":{"line":75,"column":16},"end":{"line":80,"column":18}},"line":75},"5":{"name":"(anonymous_5)","decl":{"start":{"line":94,"column":22},"end":{"line":94,"column":23}},"loc":{"start":{"line":95,"column":16},"end":{"line":100,"column":18}},"line":95}},"branchMap":{"0":{"loc":{"start":{"line":83,"column":13},"end":{"line":87,"column":13}},"type":"binary-expr","locations":[{"start":{"line":83,"column":13},"end":{"line":83,"column":35}},{"start":{"line":84,"column":14},"end":{"line":86,"column":21}}],"line":83},"1":{"loc":{"start":{"line":103,"column":13},"end":{"line":107,"column":13}},"type":"binary-expr","locations":[{"start":{"line":103,"column":13},"end":{"line":103,"column":35}},{"start":{"line":104,"column":14},"end":{"line":106,"column":21}}],"line":103},"2":{"loc":{"start":{"line":115,"column":13},"end":{"line":119,"column":13}},"type":"cond-expr","locations":[{"start":{"line":116,"column":14},"end":{"line":116,"column":48}},{"start":{"line":118,"column":14},"end":{"line":118,"column":41}}],"line":115}},"s":{"0":0,"1":0,"2":0,"3":0,"4":0,"5":0,"6":0,"7":0,"8":0,"9":0,"10":0,"11":0,"12":0},"f":{"0":0,"1":0,"2":0,"3":0,"4":0,"5":0},"b":{"0":[0,0],"1":[0,0],"2":[0,0]}}
,"C:\\Users\\Admin\\IdeaProjects\\fitbody\\src\\app\\onboarding\\index.tsx": {"path":"C:\\Users\\Admin\\IdeaProjects\\fitbody\\src\\app\\onboarding\\index.tsx","statementMap":{"0":{"start":{"line":18,"column":26},"end":{"line":37,"column":1}},"1":{"start":{"line":39,"column":26},"end":{"line":39,"column":50}},"2":{"start":{"line":42,"column":19},"end":{"line":42,"column":44}},"3":{"start":{"line":43,"column":14},"end":{"line":43,"column":51}},"4":{"start":{"line":45,"column":28},"end":{"line":54,"column":3}},"5":{"start":{"line":46,"column":4},"end":{"line":53,"column":5}},"6":{"start":{"line":47,"column":6},"end":{"line":47,"column":31}},"7":{"start":{"line":49,"column":6},"end":{"line":52,"column":8}},"8":{"start":{"line":56,"column":2},"end":{"line":124,"column":3}},"9":{"start":{"line":76,"column":10},"end":{"line":120,"column":28}},"10":{"start":{"line":109,"column":31},"end":{"line":109,"column":59}},"11":{"start":{"line":131,"column":22},"end":{"line":151,"column":1}},"12":{"start":{"line":132,"column":2},"end":{"line":150,"column":3}}},"fnMap":{"0":{"name":"Onboarding","decl":{"start":{"line":41,"column":24},"end":{"line":41,"column":34}},"loc":{"start":{"line":41,"column":37},"end":{"line":125,"column":1}},"line":41},"1":{"name":"(anonymous_1)","decl":{"start":{"line":45,"column":28},"end":{"line":45,"column":29}},"loc":{"start":{"line":45,"column":47},"end":{"line":54,"column":3}},"line":45},"2":{"name":"(anonymous_2)","decl":{"start":{"line":75,"column":20},"end":{"line":75,"column":21}},"loc":{"start":{"line":76,"column":10},"end":{"line":120,"column":28}},"line":76},"3":{"name":"(anonymous_3)","decl":{"start":{"line":109,"column":25},"end":{"line":109,"column":26}},"loc":{"start":{"line":109,"column":31},"end":{"line":109,"column":59}},"line":109},"4":{"name":"(anonymous_4)","decl":{"start":{"line":131,"column":22},"end":{"line":131,"column":23}},"loc":{"start":{"line":131,"column":56},"end":{"line":151,"column":1}},"line":131}},"branchMap":{"0":{"loc":{"start":{"line":46,"column":4},"end":{"line":53,"column":5}},"type":"if","locations":[{"start":{"line":46,"column":4},"end":{"line":53,"column":5}},{"start":{"line":48,"column":11},"end":{"line":53,"column":5}}],"line":46},"1":{"loc":{"start":{"line":81,"column":13},"end":{"line":88,"column":13}},"type":"binary-expr","locations":[{"start":{"line":81,"column":13},"end":{"line":81,"column":28}},{"start":{"line":82,"column":14},"end":{"line":87,"column":21}}],"line":81},"2":{"loc":{"start":{"line":116,"column":19},"end":{"line":116,"column":59}},"type":"cond-expr","locations":[{"start":{"line":116,"column":37},"end":{"line":116,"column":43}},{"start":{"line":116,"column":46},"end":{"line":116,"column":59}}],"line":116},"3":{"loc":{"start":{"line":135,"column":22},"end":{"line":135,"column":82}},"type":"cond-expr","locations":[{"start":{"line":135,"column":35},"end":{"line":135,"column":56}},{"start":{"line":135,"column":59},"end":{"line":135,"column":82}}],"line":135},"4":{"loc":{"start":{"line":140,"column":22},"end":{"line":140,"column":82}},"type":"cond-expr","locations":[{"start":{"line":140,"column":35},"end":{"line":140,"column":56}},{"start":{"line":140,"column":59},"end":{"line":140,"column":82}}],"line":140},"5":{"loc":{"start":{"line":145,"column":22},"end":{"line":145,"column":82}},"type":"cond-expr","locations":[{"start":{"line":145,"column":35},"end":{"line":145,"column":56}},{"start":{"line":145,"column":59},"end":{"line":145,"column":82}}],"line":145}},"s":{"0":0,"1":0,"2":0,"3":0,"4":0,"5":0,"6":0,"7":0,"8":0,"9":0,"10":0,"11":0,"12":0},"f":{"0":0,"1":0,"2":0,"3":0,"4":0},"b":{"0":[0,0],"1":[0,0],"2":[0,0],"3":[0,0],"4":[0,0],"5":[0,0]}}
,"C:\\Users\\Admin\\IdeaProjects\\fitbody\\src\\app\\onboarding\\welcome-splash.tsx": {"path":"C:\\Users\\Admin\\IdeaProjects\\fitbody\\src\\app\\onboarding\\welcome-splash.tsx","statementMap":{"0":{"start":{"line":5,"column":2},"end":{"line":19,"column":3}}},"fnMap":{"0":{"name":"WelcomeSplash","decl":{"start":{"line":4,"column":24},"end":{"line":4,"column":37}},"loc":{"start":{"line":4,"column":40},"end":{"line":20,"column":1}},"line":4}},"branchMap":{},"s":{"0":0},"f":{"0":0},"b":{}}
,"C:\\Users\\Admin\\IdeaProjects\\fitbody\\src\\app\\register\\form-register.tsx": {"path":"C:\\Users\\Admin\\IdeaProjects\\fitbody\\src\\app\\register\\form-register.tsx","statementMap":{"0":{"start":{"line":15,"column":28},"end":{"line":132,"column":1}},"1":{"start":{"line":23,"column":6},"end":{"line":25,"column":4}},"2":{"start":{"line":27,"column":2},"end":{"line":131,"column":3}},"3":{"start":{"line":37,"column":16},"end":{"line":42,"column":18}},"4":{"start":{"line":55,"column":16},"end":{"line":60,"column":18}},"5":{"start":{"line":73,"column":16},"end":{"line":78,"column":18}},"6":{"start":{"line":93,"column":16},"end":{"line":98,"column":18}}},"fnMap":{"0":{"name":"(anonymous_0)","decl":{"start":{"line":15,"column":28},"end":{"line":15,"column":29}},"loc":{"start":{"line":18,"column":25},"end":{"line":132,"column":1}},"line":18},"1":{"name":"(anonymous_1)","decl":{"start":{"line":36,"column":22},"end":{"line":36,"column":23}},"loc":{"start":{"line":37,"column":16},"end":{"line":42,"column":18}},"line":37},"2":{"name":"(anonymous_2)","decl":{"start":{"line":54,"column":22},"end":{"line":54,"column":23}},"loc":{"start":{"line":55,"column":16},"end":{"line":60,"column":18}},"line":55},"3":{"name":"(anonymous_3)","decl":{"start":{"line":72,"column":22},"end":{"line":72,"column":23}},"loc":{"start":{"line":73,"column":16},"end":{"line":78,"column":18}},"line":73},"4":{"name":"(anonymous_4)","decl":{"start":{"line":92,"column":22},"end":{"line":92,"column":23}},"loc":{"start":{"line":93,"column":16},"end":{"line":98,"column":18}},"line":93}},"branchMap":{"0":{"loc":{"start":{"line":45,"column":13},"end":{"line":47,"column":13}},"type":"binary-expr","locations":[{"start":{"line":45,"column":13},"end":{"line":45,"column":24}},{"start":{"line":46,"column":14},"end":{"line":46,"column":78}}],"line":45},"1":{"loc":{"start":{"line":63,"column":13},"end":{"line":65,"column":13}},"type":"binary-expr","locations":[{"start":{"line":63,"column":13},"end":{"line":63,"column":25}},{"start":{"line":64,"column":14},"end":{"line":64,"column":79}}],"line":63},"2":{"loc":{"start":{"line":81,"column":13},"end":{"line":85,"column":13}},"type":"binary-expr","locations":[{"start":{"line":81,"column":13},"end":{"line":81,"column":28}},{"start":{"line":82,"column":14},"end":{"line":84,"column":21}}],"line":81},"3":{"loc":{"start":{"line":101,"column":13},"end":{"line":105,"column":13}},"type":"binary-expr","locations":[{"start":{"line":101,"column":13},"end":{"line":101,"column":35}},{"start":{"line":102,"column":14},"end":{"line":104,"column":21}}],"line":101},"4":{"loc":{"start":{"line":123,"column":11},"end":{"line":127,"column":11}},"type":"cond-expr","locations":[{"start":{"line":124,"column":12},"end":{"line":124,"column":46}},{"start":{"line":126,"column":12},"end":{"line":126,"column":32}}],"line":123}},"s":{"0":0,"1":0,"2":0,"3":0,"4":0,"5":0,"6":0},"f":{"0":0,"1":0,"2":0,"3":0,"4":0},"b":{"0":[0,0],"1":[0,0],"2":[0,0],"3":[0,0],"4":[0,0]}}
,"C:\\Users\\Admin\\IdeaProjects\\fitbody\\src\\app\\register\\index.tsx": {"path":"C:\\Users\\Admin\\IdeaProjects\\fitbody\\src\\app\\register\\index.tsx","statementMap":{"0":{"start":{"line":12,"column":48},"end":{"line":12,"column":63}},"1":{"start":{"line":14,"column":25},"end":{"line":21,"column":3}},"2":{"start":{"line":15,"column":4},"end":{"line":15,"column":28}},"3":{"start":{"line":16,"column":4},"end":{"line":16,"column":21}},"4":{"start":{"line":18,"column":4},"end":{"line":18,"column":21}},"5":{"start":{"line":20,"column":4},"end":{"line":20,"column":29}},"6":{"start":{"line":23,"column":2},"end":{"line":76,"column":3}},"7":{"start":{"line":27,"column":25},"end":{"line":27,"column":38}},"8":{"start":{"line":68,"column":27},"end":{"line":68,"column":48}}},"fnMap":{"0":{"name":"Register","decl":{"start":{"line":11,"column":24},"end":{"line":11,"column":32}},"loc":{"start":{"line":11,"column":35},"end":{"line":77,"column":1}},"line":11},"1":{"name":"(anonymous_1)","decl":{"start":{"line":14,"column":25},"end":{"line":14,"column":26}},"loc":{"start":{"line":14,"column":59},"end":{"line":21,"column":3}},"line":14},"2":{"name":"(anonymous_2)","decl":{"start":{"line":27,"column":19},"end":{"line":27,"column":20}},"loc":{"start":{"line":27,"column":25},"end":{"line":27,"column":38}},"line":27},"3":{"name":"(anonymous_3)","decl":{"start":{"line":68,"column":21},"end":{"line":68,"column":22}},"loc":{"start":{"line":68,"column":27},"end":{"line":68,"column":48}},"line":68}},"branchMap":{},"s":{"0":0,"1":0,"2":0,"3":0,"4":0,"5":0,"6":0,"7":0,"8":0},"f":{"0":0,"1":0,"2":0,"3":0},"b":{}}
,"C:\\Users\\Admin\\IdeaProjects\\fitbody\\src\\app\\register\\register-schema.ts": {"path":"C:\\Users\\Admin\\IdeaProjects\\fitbody\\src\\app\\register\\register-schema.ts","statementMap":{"0":{"start":{"line":5,"column":30},"end":{"line":21,"column":4}},"1":{"start":{"line":18,"column":18},"end":{"line":18,"column":56}}},"fnMap":{"0":{"name":"(anonymous_0)","decl":{"start":{"line":18,"column":10},"end":{"line":18,"column":11}},"loc":{"start":{"line":18,"column":18},"end":{"line":18,"column":56}},"line":18}},"branchMap":{},"s":{"0":2,"1":22},"f":{"0":22},"b":{},"_coverageSchema":"1a1c01bbd47fc00a2c39e90264f33305004495a9","hash":"71caa219393303c134207c87b03707f3093dea46"}
,"C:\\Users\\Admin\\IdeaProjects\\fitbody\\src\\app\\setup\\index.tsx": {"path":"C:\\Users\\Admin\\IdeaProjects\\fitbody\\src\\app\\setup\\index.tsx","statementMap":{"0":{"start":{"line":5,"column":2},"end":{"line":11,"column":3}}},"fnMap":{"0":{"name":"Setup","decl":{"start":{"line":4,"column":24},"end":{"line":4,"column":29}},"loc":{"start":{"line":4,"column":32},"end":{"line":12,"column":1}},"line":4}},"branchMap":{},"s":{"0":0},"f":{"0":0},"b":{}}
,"C:\\Users\\Admin\\IdeaProjects\\fitbody\\src\\components\\button.tsx": {"path":"C:\\Users\\Admin\\IdeaProjects\\fitbody\\src\\components\\button.tsx","statementMap":{"0":{"start":{"line":15,"column":22},"end":{"line":39,"column":1}},"1":{"start":{"line":21,"column":2},"end":{"line":38,"column":3}}},"fnMap":{"0":{"name":"(anonymous_0)","decl":{"start":{"line":15,"column":22},"end":{"line":15,"column":23}},"loc":{"start":{"line":20,"column":19},"end":{"line":39,"column":1}},"line":20}},"branchMap":{"0":{"loc":{"start":{"line":18,"column":2},"end":{"line":18,"column":16}},"type":"default-arg","locations":[{"start":{"line":18,"column":14},"end":{"line":18,"column":16}}],"line":18}},"s":{"0":2,"1":14},"f":{"0":14},"b":{"0":[13]},"_coverageSchema":"1a1c01bbd47fc00a2c39e90264f33305004495a9","hash":"719543213619a8936f7f3c5d2a3cee4a31ff88e0"}
,"C:\\Users\\Admin\\IdeaProjects\\fitbody\\src\\components\\input.tsx": {"path":"C:\\Users\\Admin\\IdeaProjects\\fitbody\\src\\components\\input.tsx","statementMap":{"0":{"start":{"line":18,"column":42},"end":{"line":18,"column":57}},"1":{"start":{"line":20,"column":21},"end":{"line":20,"column":45}},"2":{"start":{"line":22,"column":2},"end":{"line":45,"column":3}},"3":{"start":{"line":39,"column":25},"end":{"line":39,"column":55}},"4":{"start":{"line":39,"column":49},"end":{"line":39,"column":54}}},"fnMap":{"0":{"name":"Input","decl":{"start":{"line":12,"column":16},"end":{"line":12,"column":21}},"loc":{"start":{"line":17,"column":15},"end":{"line":46,"column":1}},"line":17},"1":{"name":"(anonymous_1)","decl":{"start":{"line":39,"column":19},"end":{"line":39,"column":20}},"loc":{"start":{"line":39,"column":25},"end":{"line":39,"column":55}},"line":39},"2":{"name":"(anonymous_2)","decl":{"start":{"line":39,"column":41},"end":{"line":39,"column":42}},"loc":{"start":{"line":39,"column":49},"end":{"line":39,"column":54}},"line":39}},"branchMap":{"0":{"loc":{"start":{"line":27,"column":25},"end":{"line":27,"column":52}},"type":"binary-expr","locations":[{"start":{"line":27,"column":25},"end":{"line":27,"column":35}},{"start":{"line":27,"column":39},"end":{"line":27,"column":52}}],"line":27},"1":{"loc":{"start":{"line":33,"column":7},"end":{"line":33,"column":51}},"type":"binary-expr","locations":[{"start":{"line":33,"column":7},"end":{"line":33,"column":11}},{"start":{"line":33,"column":15},"end":{"line":33,"column":51}}],"line":33},"2":{"loc":{"start":{"line":35,"column":7},"end":{"line":43,"column":7}},"type":"binary-expr","locations":[{"start":{"line":35,"column":7},"end":{"line":35,"column":17}},{"start":{"line":36,"column":8},"end":{"line":42,"column":27}}],"line":35},"3":{"loc":{"start":{"line":41,"column":11},"end":{"line":41,"column":78}},"type":"cond-expr","locations":[{"start":{"line":41,"column":26},"end":{"line":41,"column":49}},{"start":{"line":41,"column":52},"end":{"line":41,"column":78}}],"line":41}},"s":{"0":22,"1":22,"2":22,"3":0,"4":0},"f":{"0":22,"1":0,"2":0},"b":{"0":[22,3],"1":[22,1],"2":[22,3],"3":[0,3]},"_coverageSchema":"1a1c01bbd47fc00a2c39e90264f33305004495a9","hash":"e04851fbaa0b580d27cff24470d290414cdfac7c"}
,"C:\\Users\\Admin\\IdeaProjects\\fitbody\\src\\styles\\globalFonts.ts": {"path":"C:\\Users\\Admin\\IdeaProjects\\fitbody\\src\\styles\\globalFonts.ts","statementMap":{"0":{"start":{"line":3,"column":27},"end":{"line":44,"column":2}}},"fnMap":{},"branchMap":{},"s":{"0":3},"f":{},"b":{},"_coverageSchema":"1a1c01bbd47fc00a2c39e90264f33305004495a9","hash":"c5577f8eb580c8b51569db482ad9dab09ac6fcc9"}
,"C:\\Users\\Admin\\IdeaProjects\\fitbody\\src\\utils\\sleep.ts": {"path":"C:\\Users\\Admin\\IdeaProjects\\fitbody\\src\\utils\\sleep.ts","statementMap":{"0":{"start":{"line":1,"column":21},"end":{"line":2,"column":49}},"1":{"start":{"line":2,"column":2},"end":{"line":2,"column":49}},"2":{"start":{"line":2,"column":25},"end":{"line":2,"column":48}}},"fnMap":{"0":{"name":"(anonymous_0)","decl":{"start":{"line":1,"column":21},"end":{"line":1,"column":22}},"loc":{"start":{"line":2,"column":2},"end":{"line":2,"column":49}},"line":2},"1":{"name":"(anonymous_1)","decl":{"start":{"line":2,"column":14},"end":{"line":2,"column":15}},"loc":{"start":{"line":2,"column":25},"end":{"line":2,"column":48}},"line":2}},"branchMap":{},"s":{"0":2,"1":14,"2":14},"f":{"0":14,"1":14},"b":{},"_coverageSchema":"1a1c01bbd47fc00a2c39e90264f33305004495a9","hash":"47604353fdc6c2f070dc6f0b32b2253d313ee0b9"}
}
