TN:
SF:src\app\_layout.tsx
FN:23,Layout
FN:38,(anonymous_1)
FN:39,(anonymous_2)
FN:40,(anonymous_3)
FNF:4
FNH:0
FNDA:0,Layout
FNDA:0,(anonymous_1)
FNDA:0,(anonymous_2)
FNDA:0,(anonymous_3)
DA:24,0
DA:25,0
DA:31,0
DA:38,0
DA:39,0
DA:40,0
DA:43,0
DA:45,0
LF:8
LH:0
BRDA:43,0,0,0
BRDA:43,0,1,0
BRDA:43,1,0,0
BRDA:43,1,1,0
BRDA:43,1,2,0
BRF:5
BRH:0
end_of_record
TN:
SF:src\app\index.tsx
FN:5,Home
FN:10,(anonymous_1)
FNF:2
FNH:2
FNDA:5,Home
FNDA:4,(anonymous_1)
DA:6,5
DA:10,4
LF:2
LH:2
BRF:0
BRH:0
end_of_record
TN:
SF:src\app\login\form-login.tsx
FN:16,(anonymous_0)
FN:33,(anonymous_1)
FN:51,(anonymous_2)
FN:64,(anonymous_3)
FNF:4
FNH:0
FNDA:0,(anonymous_0)
FNDA:0,(anonymous_1)
FNDA:0,(anonymous_2)
FNDA:0,(anonymous_3)
DA:16,0
DA:21,0
DA:25,0
DA:34,0
DA:52,0
DA:64,0
LF:6
LH:0
BRDA:42,0,0,0
BRDA:42,0,1,0
BRDA:60,1,0,0
BRDA:60,1,1,0
BRDA:76,2,0,0
BRDA:76,2,1,0
BRF:6
BRH:0
end_of_record
TN:
SF:src\app\login\index.tsx
FN:10,Login
FN:14,(anonymous_1)
FN:64,(anonymous_2)
FNF:3
FNH:0
FNDA:0,Login
FNDA:0,(anonymous_1)
FNDA:0,(anonymous_2)
DA:11,0
DA:12,0
DA:14,0
DA:15,0
DA:17,0
DA:19,0
DA:21,0
DA:24,0
DA:64,0
LF:9
LH:0
BRF:0
BRH:0
end_of_record
TN:
SF:src\app\login\login-schema.ts
FNF:0
FNH:0
DA:5,2
LF:1
LH:1
BRF:0
BRH:0
end_of_record
TN:
SF:src\app\login\fingerprint\index.tsx
FN:10,FingerprintScreen
FN:13,(anonymous_1)
FN:24,(anonymous_2)
FN:40,(anonymous_3)
FN:45,(anonymous_4)
FN:53,(anonymous_5)
FN:77,(anonymous_6)
FNF:7
FNH:0
FNDA:0,FingerprintScreen
FNDA:0,(anonymous_1)
FNDA:0,(anonymous_2)
FNDA:0,(anonymous_3)
FNDA:0,(anonymous_4)
FNDA:0,(anonymous_5)
FNDA:0,(anonymous_6)
DA:11,0
DA:13,0
DA:14,0
DA:16,0
DA:17,0
DA:24,0
DA:25,0
DA:27,0
DA:28,0
DA:31,0
DA:36,0
DA:37,0
DA:40,0
DA:41,0
DA:45,0
DA:46,0
DA:49,0
DA:53,0
DA:77,0
LF:19
LH:0
BRDA:16,0,0,0
BRDA:16,0,1,0
BRDA:27,1,0,0
BRDA:27,1,1,0
BRF:4
BRH:0
end_of_record
TN:
SF:src\app\login\forgot\index.tsx
FN:20,ForgotPass
FN:31,(anonymous_1)
FN:43,(anonymous_2)
FN:72,(anonymous_3)
FNF:4
FNH:0
FNDA:0,ForgotPass
FNDA:0,(anonymous_1)
FNDA:0,(anonymous_2)
FNDA:0,(anonymous_3)
DA:16,0
DA:21,0
DA:22,0
DA:27,0
DA:31,0
DA:32,0
DA:34,0
DA:36,0
DA:37,0
DA:39,0
DA:43,0
DA:73,0
LF:12
LH:0
BRDA:81,0,0,0
BRDA:81,0,1,0
BRDA:91,1,0,0
BRDA:91,1,1,0
BRF:4
BRH:0
end_of_record
TN:
SF:src\app\login\forgot\new-pass.tsx
FN:21,(anonymous_0)
FN:26,NewPass
FN:36,(anonymous_2)
FN:49,(anonymous_3)
FN:74,(anonymous_4)
FN:94,(anonymous_5)
FNF:6
FNH:0
FNDA:0,(anonymous_0)
FNDA:0,NewPass
FNDA:0,(anonymous_2)
FNDA:0,(anonymous_3)
FNDA:0,(anonymous_4)
FNDA:0,(anonymous_5)
DA:16,0
DA:21,0
DA:27,0
DA:32,0
DA:36,0
DA:37,0
DA:39,0
DA:41,0
DA:42,0
DA:45,0
DA:49,0
DA:75,0
DA:95,0
LF:13
LH:0
BRDA:83,0,0,0
BRDA:83,0,1,0
BRDA:103,1,0,0
BRDA:103,1,1,0
BRDA:115,2,0,0
BRDA:115,2,1,0
BRF:6
BRH:0
end_of_record
TN:
SF:src\app\onboarding\index.tsx
FN:41,Onboarding
FN:45,(anonymous_1)
FN:75,(anonymous_2)
FN:109,(anonymous_3)
FN:131,(anonymous_4)
FNF:5
FNH:0
FNDA:0,Onboarding
FNDA:0,(anonymous_1)
FNDA:0,(anonymous_2)
FNDA:0,(anonymous_3)
FNDA:0,(anonymous_4)
DA:18,0
DA:39,0
DA:42,0
DA:43,0
DA:45,0
DA:46,0
DA:47,0
DA:49,0
DA:56,0
DA:76,0
DA:109,0
DA:131,0
DA:132,0
LF:13
LH:0
BRDA:46,0,0,0
BRDA:46,0,1,0
BRDA:81,1,0,0
BRDA:81,1,1,0
BRDA:116,2,0,0
BRDA:116,2,1,0
BRDA:135,3,0,0
BRDA:135,3,1,0
BRDA:140,4,0,0
BRDA:140,4,1,0
BRDA:145,5,0,0
BRDA:145,5,1,0
BRF:12
BRH:0
end_of_record
TN:
SF:src\app\onboarding\welcome-splash.tsx
FN:4,WelcomeSplash
FNF:1
FNH:0
FNDA:0,WelcomeSplash
DA:5,0
LF:1
LH:0
BRF:0
BRH:0
end_of_record
TN:
SF:src\app\register\form-register.tsx
FN:15,(anonymous_0)
FN:36,(anonymous_1)
FN:54,(anonymous_2)
FN:72,(anonymous_3)
FN:92,(anonymous_4)
FNF:5
FNH:0
FNDA:0,(anonymous_0)
FNDA:0,(anonymous_1)
FNDA:0,(anonymous_2)
FNDA:0,(anonymous_3)
FNDA:0,(anonymous_4)
DA:15,0
DA:23,0
DA:27,0
DA:37,0
DA:55,0
DA:73,0
DA:93,0
LF:7
LH:0
BRDA:45,0,0,0
BRDA:45,0,1,0
BRDA:63,1,0,0
BRDA:63,1,1,0
BRDA:81,2,0,0
BRDA:81,2,1,0
BRDA:101,3,0,0
BRDA:101,3,1,0
BRDA:123,4,0,0
BRDA:123,4,1,0
BRF:10
BRH:0
end_of_record
TN:
SF:src\app\register\index.tsx
FN:11,Register
FN:14,(anonymous_1)
FN:27,(anonymous_2)
FN:68,(anonymous_3)
FNF:4
FNH:0
FNDA:0,Register
FNDA:0,(anonymous_1)
FNDA:0,(anonymous_2)
FNDA:0,(anonymous_3)
DA:12,0
DA:14,0
DA:15,0
DA:16,0
DA:18,0
DA:20,0
DA:23,0
DA:27,0
DA:68,0
LF:9
LH:0
BRF:0
BRH:0
end_of_record
TN:
SF:src\app\register\register-schema.ts
FN:18,(anonymous_0)
FNF:1
FNH:1
FNDA:22,(anonymous_0)
DA:5,2
DA:18,22
LF:2
LH:2
BRF:0
BRH:0
end_of_record
TN:
SF:src\app\setup\index.tsx
FN:4,Setup
FNF:1
FNH:0
FNDA:0,Setup
DA:5,0
LF:1
LH:0
BRF:0
BRH:0
end_of_record
TN:
SF:src\components\button.tsx
FN:15,(anonymous_0)
FNF:1
FNH:1
FNDA:14,(anonymous_0)
DA:15,2
DA:21,14
LF:2
LH:2
BRDA:18,0,0,13
BRF:1
BRH:1
end_of_record
TN:
SF:src\components\input.tsx
FN:12,Input
FN:39,(anonymous_1)
FN:39,(anonymous_2)
FNF:3
FNH:1
FNDA:22,Input
FNDA:0,(anonymous_1)
FNDA:0,(anonymous_2)
DA:18,22
DA:20,22
DA:22,22
DA:39,0
LF:4
LH:3
BRDA:27,0,0,22
BRDA:27,0,1,3
BRDA:33,1,0,22
BRDA:33,1,1,1
BRDA:35,2,0,22
BRDA:35,2,1,3
BRDA:41,3,0,0
BRDA:41,3,1,3
BRF:8
BRH:7
end_of_record
TN:
SF:src\styles\globalFonts.ts
FNF:0
FNH:0
DA:3,3
LF:1
LH:1
BRF:0
BRH:0
end_of_record
TN:
SF:src\utils\sleep.ts
FN:1,(anonymous_0)
FN:2,(anonymous_1)
FNF:2
FNH:2
FNDA:14,(anonymous_0)
FNDA:14,(anonymous_1)
DA:1,2
DA:2,14
LF:2
LH:2
BRF:0
BRH:0
end_of_record
